# JRE version: OpenJDK Runtime Environment (8.0_202-b03) (build 1.8.0_202-release-1483-b03)
# Java VM: OpenJDK 64-Bit Server VM (25.202-b03 mixed mode windows-amd64 compressed oops)
Heap:
 PSYoungGen      total 209920K, used 44066K [0x00000000e0000000, 0x00000000eea80000, 0x0000000100000000)
  eden space 192512K, 22% used [0x00000000e0000000,0x00000000e2b08a60,0x00000000ebc00000)
  from space 17408K, 0% used [0x00000000ebc00000,0x00000000ebc00000,0x00000000ecd00000)
  to   space 22016K, 0% used [0x00000000ed500000,0x00000000ed500000,0x00000000eea80000)
 ParOldGen       total 141312K, used 36649K [0x00000000a0000000, 0x00000000a8a00000, 0x00000000e0000000)
  object space 141312K, 25% used [0x00000000a0000000,0x00000000a23ca450,0x00000000a8a00000)
 Metaspace       used 59692K, capacity 61502K, committed 61784K, reserved 1101824K
  class space    used 8074K, capacity 8524K, committed 8576K, reserved 1048576K
GC Heap History (10 events):
Event: 43.659 GC heap before
{Heap before GC invocations=8 (full 1):
 PSYoungGen      total 122368K, used 119136K [0x00000000e0000000, 0x00000000e9400000, 0x0000000100000000)
  eden space 114176K, 97% used [0x00000000e0000000,0x00000000e6c932b0,0x00000000e6f80000)
  from space 8192K, 97% used [0x00000000e8c00000,0x00000000e93c5068,0x00000000e9400000)
  to   space 11776K, 0% used [0x00000000e7d00000,0x00000000e7d00000,0x00000000e8880000)
 ParOldGen       total 58368K, used 11108K [0x00000000a0000000, 0x00000000a3900000, 0x00000000e0000000)
  object space 58368K, 19% used [0x00000000a0000000,0x00000000a0ad9218,0x00000000a3900000)
 Metaspace       used 34627K, capacity 35340K, committed 35456K, reserved 1079296K
  class space    used 4763K, capacity 4945K, committed 4992K, reserved 1048576K
Event: 43.764 GC heap after
Heap after GC invocations=8 (full 1):
 PSYoungGen      total 139776K, used 11750K [0x00000000e0000000, 0x00000000ede00000, 0x0000000100000000)
  eden space 128000K, 0% used [0x00000000e0000000,0x00000000e0000000,0x00000000e7d00000)
  from space 11776K, 99% used [0x00000000e7d00000,0x00000000e8879900,0x00000000e8880000)
  to   space 14336K, 0% used [0x00000000ed000000,0x00000000ed000000,0x00000000ede00000)
 ParOldGen       total 58368K, used 12162K [0x00000000a0000000, 0x00000000a3900000, 0x00000000e0000000)
  object space 58368K, 20% used [0x00000000a0000000,0x00000000a0be0890,0x00000000a3900000)
 Metaspace       used 34627K, capacity 35340K, committed 35456K, reserved 1079296K
  class space    used 4763K, capacity 4945K, committed 4992K, reserved 1048576K
}
Event: 43.764 GC heap before
{Heap before GC invocations=9 (full 2):
 PSYoungGen      total 139776K, used 11750K [0x00000000e0000000, 0x00000000ede00000, 0x0000000100000000)
  eden space 128000K, 0% used [0x00000000e0000000,0x00000000e0000000,0x00000000e7d00000)
  from space 11776K, 99% used [0x00000000e7d00000,0x00000000e8879900,0x00000000e8880000)
  to   space 14336K, 0% used [0x00000000ed000000,0x00000000ed000000,0x00000000ede00000)
 ParOldGen       total 58368K, used 12162K [0x00000000a0000000, 0x00000000a3900000, 0x00000000e0000000)
  object space 58368K, 20% used [0x00000000a0000000,0x00000000a0be0890,0x00000000a3900000)
 Metaspace       used 34627K, capacity 35340K, committed 35456K, reserved 1079296K
  class space    used 4763K, capacity 4945K, committed 4992K, reserved 1048576K
Event: 44.369 GC heap after
Heap after GC invocations=9 (full 2):
 PSYoungGen      total 139776K, used 0K [0x00000000e0000000, 0x00000000ede00000, 0x0000000100000000)
  eden space 128000K, 0% used [0x00000000e0000000,0x00000000e0000000,0x00000000e7d00000)
  from space 11776K, 0% used [0x00000000e7d00000,0x00000000e7d00000,0x00000000e8880000)
  to   space 14336K, 0% used [0x00000000ed000000,0x00000000ed000000,0x00000000ede00000)
 ParOldGen       total 94720K, used 19565K [0x00000000a0000000, 0x00000000a5c80000, 0x00000000e0000000)
  object space 94720K, 20% used [0x00000000a0000000,0x00000000a131b498,0x00000000a5c80000)
 Metaspace       used 34627K, capacity 35340K, committed 35456K, reserved 1079296K
  class space    used 4763K, capacity 4945K, committed 4992K, reserved 1048576K
}
Event: 57.130 GC heap before
{Heap before GC invocations=10 (full 2):
 PSYoungGen      total 139776K, used 128000K [0x00000000e0000000, 0x00000000ede00000, 0x0000000100000000)
  eden space 128000K, 100% used [0x00000000e0000000,0x00000000e7d00000,0x00000000e7d00000)
  from space 11776K, 0% used [0x00000000e7d00000,0x00000000e7d00000,0x00000000e8880000)
  to   space 14336K, 0% used [0x00000000ed000000,0x00000000ed000000,0x00000000ede00000)
 ParOldGen       total 94720K, used 19565K [0x00000000a0000000, 0x00000000a5c80000, 0x00000000e0000000)
  object space 94720K, 20% used [0x00000000a0000000,0x00000000a131b498,0x00000000a5c80000)
 Metaspace       used 46319K, capacity 47416K, committed 47488K, reserved 1089536K
  class space    used 6220K, capacity 6511K, committed 6528K, reserved 1048576K
Event: 57.170 GC heap after
Heap after GC invocations=10 (full 2):
 PSYoungGen      total 177664K, used 14328K [0x00000000e0000000, 0x00000000ede00000, 0x0000000100000000)
  eden space 163328K, 0% used [0x00000000e0000000,0x00000000e0000000,0x00000000e9f80000)
  from space 14336K, 99% used [0x00000000ed000000,0x00000000eddfe308,0x00000000ede00000)
  to   space 17408K, 0% used [0x00000000ebc00000,0x00000000ebc00000,0x00000000ecd00000)
 ParOldGen       total 94720K, used 22343K [0x00000000a0000000, 0x00000000a5c80000, 0x00000000e0000000)
  object space 94720K, 23% used [0x00000000a0000000,0x00000000a15d1f60,0x00000000a5c80000)
 Metaspace       used 46319K, capacity 47416K, committed 47488K, reserved 1089536K
  class space    used 6220K, capacity 6511K, committed 6528K, reserved 1048576K
}
Event: 65.576 GC heap before
{Heap before GC invocations=11 (full 2):
 PSYoungGen      total 177664K, used 152674K [0x00000000e0000000, 0x00000000ede00000, 0x0000000100000000)
  eden space 163328K, 84% used [0x00000000e0000000,0x00000000e871a640,0x00000000e9f80000)
  from space 14336K, 99% used [0x00000000ed000000,0x00000000eddfe308,0x00000000ede00000)
  to   space 17408K, 0% used [0x00000000ebc00000,0x00000000ebc00000,0x00000000ecd00000)
 ParOldGen       total 94720K, used 22343K [0x00000000a0000000, 0x00000000a5c80000, 0x00000000e0000000)
  object space 94720K, 23% used [0x00000000a0000000,0x00000000a15d1f60,0x00000000a5c80000)
 Metaspace       used 57409K, capacity 59002K, committed 59096K, reserved 1099776K
  class space    used 7766K, capacity 8164K, committed 8192K, reserved 1048576K
Event: 65.745 GC heap after
Heap after GC invocations=11 (full 2):
 PSYoungGen      total 209920K, used 17407K [0x00000000e0000000, 0x00000000eea80000, 0x0000000100000000)
  eden space 192512K, 0% used [0x00000000e0000000,0x00000000e0000000,0x00000000ebc00000)
  from space 17408K, 99% used [0x00000000ebc00000,0x00000000eccfff58,0x00000000ecd00000)
  to   space 22016K, 0% used [0x00000000ed500000,0x00000000ed500000,0x00000000eea80000)
 ParOldGen       total 94720K, used 27576K [0x00000000a0000000, 0x00000000a5c80000, 0x00000000e0000000)
  object space 94720K, 29% used [0x00000000a0000000,0x00000000a1aee2f0,0x00000000a5c80000)
 Metaspace       used 57409K, capacity 59002K, committed 59096K, reserved 1099776K
  class space    used 7766K, capacity 8164K, committed 8192K, reserved 1048576K
}
Event: 65.745 GC heap before
{Heap before GC invocations=12 (full 3):
 PSYoungGen      total 209920K, used 17407K [0x00000000e0000000, 0x00000000eea80000, 0x0000000100000000)
  eden space 192512K, 0% used [0x00000000e0000000,0x00000000e0000000,0x00000000ebc00000)
  from space 17408K, 99% used [0x00000000ebc00000,0x00000000eccfff58,0x00000000ecd00000)
  to   space 22016K, 0% used [0x00000000ed500000,0x00000000ed500000,0x00000000eea80000)
 ParOldGen       total 94720K, used 27576K [0x00000000a0000000, 0x00000000a5c80000, 0x00000000e0000000)
  object space 94720K, 29% used [0x00000000a0000000,0x00000000a1aee2f0,0x00000000a5c80000)
 Metaspace       used 57409K, capacity 59002K, committed 59096K, reserved 1099776K
  class space    used 7766K, capacity 8164K, committed 8192K, reserved 1048576K
Event: 66.402 GC heap after
Heap after GC invocations=12 (full 3):
 PSYoungGen      total 209920K, used 0K [0x00000000e0000000, 0x00000000eea80000, 0x0000000100000000)
  eden space 192512K, 0% used [0x00000000e0000000,0x00000000e0000000,0x00000000ebc00000)
  from space 17408K, 0% used [0x00000000ebc00000,0x00000000ebc00000,0x00000000ecd00000)
  to   space 22016K, 0% used [0x00000000ed500000,0x00000000ed500000,0x00000000eea80000)
 ParOldGen       total 141312K, used 36649K [0x00000000a0000000, 0x00000000a8a00000, 0x00000000e0000000)
  object space 141312K, 25% used [0x00000000a0000000,0x00000000a23ca450,0x00000000a8a00000)
 Metaspace       used 57409K, capacity 59002K, committed 59096K, reserved 1099776K
  class space    used 7766K, capacity 8164K, committed 8192K, reserved 1048576K
}

